<?xml version="1.0" encoding="UTF-8"?>
<!-- Generated by org.testng.reporters.JUnitReportReporter -->
<testsuite hostname="LTIN180840" failures="1" tests="8" name="testCases.AroundCognizant" time="53.849" errors="0" timestamp="2024-03-14T20:13:44 IST" skipped="0">
  <testcase classname="testCases.AroundCognizant" name="verifyAccount" time="17.034"/>
  <testcase classname="testCases.AroundCognizant" name="verifyAroundCognizant" time="0.055"/>
  <testcase classname="testCases.AroundCognizant" name="verifyNewsinHomePage" time="1.654"/>
  <testcase classname="testCases.AroundCognizant" name="verifySeeAllBtn" time="0.045"/>
  <testcase classname="testCases.AroundCognizant" name="clickSeeAllBtn" time="0.147"/>
  <testcase classname="testCases.AroundCognizant" name="checkHeadingVisibility" time="5.390"/>
  <testcase classname="testCases.AroundCognizant" name="verifyNewsInNewsPage" time="6.006">
    <failure message="The following asserts failed:
	newsFull of index 1is not matching expected [Cognizant named as Major League Cricket title partner] but found [Will Gen AI help or hinder women in the workplace]" type="java.lang.AssertionError">
      <![CDATA[java.lang.AssertionError: The following asserts failed:
newsFull of index 1is not matching expected [Cognizant named as Major League Cricket title partner] but found [Will Gen AI help or hinder women in the workplace]
at org.testng.asserts.SoftAssert.assertAll(SoftAssert.java:46)
at org.testng.asserts.SoftAssert.assertAll(SoftAssert.java:30)
at testCases.AroundCognizant.verifyNewsInNewsPage(AroundCognizant.java:178)
at java.base/jdk.internal.reflect.NativeMethodAccessorImpl.invoke0(Native Method)
at java.base/jdk.internal.reflect.NativeMethodAccessorImpl.invoke(NativeMethodAccessorImpl.java:77)
at java.base/jdk.internal.reflect.DelegatingMethodAccessorImpl.invoke(DelegatingMethodAccessorImpl.java:43)
at java.base/java.lang.reflect.Method.invoke(Method.java:568)
at org.testng.internal.invokers.MethodInvocationHelper.invokeMethod(MethodInvocationHelper.java:139)
at org.testng.internal.invokers.TestInvoker.invokeMethod(TestInvoker.java:664)
at org.testng.internal.invokers.TestInvoker.invokeTestMethod(TestInvoker.java:228)
at org.testng.internal.invokers.MethodRunner.runInSequence(MethodRunner.java:63)
at org.testng.internal.invokers.TestInvoker$MethodInvocationAgent.invoke(TestInvoker.java:961)
at org.testng.internal.invokers.TestInvoker.invokeTestMethods(TestInvoker.java:201)
at org.testng.internal.invokers.TestMethodWorker.invokeTestMethods(TestMethodWorker.java:148)
at org.testng.internal.invokers.TestMethodWorker.run(TestMethodWorker.java:128)
at java.base/java.util.ArrayList.forEach(ArrayList.java:1511)
at org.testng.TestRunner.privateRun(TestRunner.java:819)
at org.testng.TestRunner.run(TestRunner.java:619)
at org.testng.SuiteRunner.runTest(SuiteRunner.java:443)
at org.testng.SuiteRunner.runSequentially(SuiteRunner.java:437)
at org.testng.SuiteRunner.privateRun(SuiteRunner.java:397)
at org.testng.SuiteRunner.run(SuiteRunner.java:336)
at org.testng.SuiteRunnerWorker.runSuite(SuiteRunnerWorker.java:52)
at org.testng.SuiteRunnerWorker.run(SuiteRunnerWorker.java:95)
at org.testng.TestNG.runSuitesSequentially(TestNG.java:1301)
at org.testng.TestNG.runSuitesLocally(TestNG.java:1228)
at org.testng.TestNG.runSuites(TestNG.java:1134)
at org.testng.TestNG.run(TestNG.java:1101)
at org.testng.remote.AbstractRemoteTestNG.run(AbstractRemoteTestNG.java:115)
at org.testng.remote.RemoteTestNG.initAndRun(RemoteTestNG.java:251)
at org.testng.remote.RemoteTestNG.main(RemoteTestNG.java:77)
]]>
    </failure>
  </testcase> <!-- verifyNewsInNewsPage -->
  <testcase classname="testCases.AroundCognizant" name="verifyfullNews" time="23.518"/>
</testsuite> <!-- testCases.AroundCognizant -->
