<?xml version="1.0" encoding="UTF-8"?>
<testng-results ignored="0" total="8" passed="7" failed="1" skipped="0">
  <reporter-output>
  </reporter-output>
  <suite started-at="2024-03-14T20:12:25 IST" name="MasterSuite" finished-at="2024-03-14T20:13:42 IST" duration-ms="77042">
    <groups>
    </groups>
    <test started-at="2024-03-14T20:12:25 IST" name="chromeTest" finished-at="2024-03-14T20:13:42 IST" duration-ms="77042">
      <class name="testCases.AroundCognizant">
        <test-method is-config="true" signature="setup(java.lang.String)[pri:0, instance:testCases.AroundCognizant@74ea2410]" started-at="2024-03-14T20:12:25 IST" name="setup" finished-at="2024-03-14T20:12:36 IST" duration-ms="10874" status="PASS">
          <params>
            <param index="0">
              <value>
                <![CDATA[Edge]]>
              </value>
            </param>
          </params>
          <reporter-output>
          </reporter-output>
        </test-method> <!-- setup -->
        <test-method signature="verifyAccount()[pri:0, instance:testCases.AroundCognizant@74ea2410]" started-at="2024-03-14T20:12:36 IST" name="verifyAccount" finished-at="2024-03-14T20:12:53 IST" duration-ms="17034" status="PASS">
          <reporter-output>
          </reporter-output>
        </test-method> <!-- verifyAccount -->
        <test-method signature="verifyAroundCognizant()[pri:1, instance:testCases.AroundCognizant@74ea2410]" started-at="2024-03-14T20:12:53 IST" name="verifyAroundCognizant" finished-at="2024-03-14T20:12:53 IST" duration-ms="55" status="PASS">
          <reporter-output>
          </reporter-output>
        </test-method> <!-- verifyAroundCognizant -->
        <test-method signature="verifyNewsinHomePage()[pri:2, instance:testCases.AroundCognizant@74ea2410]" started-at="2024-03-14T20:12:53 IST" name="verifyNewsinHomePage" finished-at="2024-03-14T20:12:55 IST" duration-ms="1654" status="PASS">
          <reporter-output>
          </reporter-output>
        </test-method> <!-- verifyNewsinHomePage -->
        <test-method signature="verifySeeAllBtn()[pri:3, instance:testCases.AroundCognizant@74ea2410]" started-at="2024-03-14T20:12:55 IST" name="verifySeeAllBtn" finished-at="2024-03-14T20:12:55 IST" duration-ms="45" status="PASS">
          <reporter-output>
          </reporter-output>
        </test-method> <!-- verifySeeAllBtn -->
        <test-method signature="clickSeeAllBtn()[pri:4, instance:testCases.AroundCognizant@74ea2410]" started-at="2024-03-14T20:12:55 IST" name="clickSeeAllBtn" finished-at="2024-03-14T20:12:55 IST" duration-ms="147" status="PASS">
          <reporter-output>
          </reporter-output>
        </test-method> <!-- clickSeeAllBtn -->
        <test-method signature="checkHeadingVisibility()[pri:5, instance:testCases.AroundCognizant@74ea2410]" started-at="2024-03-14T20:12:55 IST" name="checkHeadingVisibility" finished-at="2024-03-14T20:13:00 IST" duration-ms="5390" status="PASS">
          <reporter-output>
          </reporter-output>
        </test-method> <!-- checkHeadingVisibility -->
        <test-method signature="verifyNewsInNewsPage()[pri:6, instance:testCases.AroundCognizant@74ea2410]" started-at="2024-03-14T20:13:00 IST" name="verifyNewsInNewsPage" finished-at="2024-03-14T20:13:07 IST" duration-ms="6006" status="FAIL">
          <exception class="java.lang.AssertionError">
            <message>
              <![CDATA[The following asserts failed:
newsFull of index 1is not matching expected [Cognizant named as Major League Cricket title partner] but found [Will Gen AI help or hinder women in the workplace]]]>
            </message>
            <full-stacktrace>
              <![CDATA[java.lang.AssertionError: The following asserts failed:
newsFull of index 1is not matching expected [Cognizant named as Major League Cricket title partner] but found [Will Gen AI help or hinder women in the workplace]
at org.testng.asserts.SoftAssert.assertAll(SoftAssert.java:46)
at org.testng.asserts.SoftAssert.assertAll(SoftAssert.java:30)
at testCases.AroundCognizant.verifyNewsInNewsPage(AroundCognizant.java:178)
at java.base/jdk.internal.reflect.NativeMethodAccessorImpl.invoke0(Native Method)
at java.base/jdk.internal.reflect.NativeMethodAccessorImpl.invoke(NativeMethodAccessorImpl.java:77)
at java.base/jdk.internal.reflect.DelegatingMethodAccessorImpl.invoke(DelegatingMethodAccessorImpl.java:43)
at java.base/java.lang.reflect.Method.invoke(Method.java:568)
at org.testng.internal.invokers.MethodInvocationHelper.invokeMethod(MethodInvocationHelper.java:139)
at org.testng.internal.invokers.TestInvoker.invokeMethod(TestInvoker.java:664)
at org.testng.internal.invokers.TestInvoker.invokeTestMethod(TestInvoker.java:228)
at org.testng.internal.invokers.MethodRunner.runInSequence(MethodRunner.java:63)
at org.testng.internal.invokers.TestInvoker$MethodInvocationAgent.invoke(TestInvoker.java:961)
at org.testng.internal.invokers.TestInvoker.invokeTestMethods(TestInvoker.java:201)
at org.testng.internal.invokers.TestMethodWorker.invokeTestMethods(TestMethodWorker.java:148)
at org.testng.internal.invokers.TestMethodWorker.run(TestMethodWorker.java:128)
at java.base/java.util.ArrayList.forEach(ArrayList.java:1511)
at org.testng.TestRunner.privateRun(TestRunner.java:819)
at org.testng.TestRunner.run(TestRunner.java:619)
at org.testng.SuiteRunner.runTest(SuiteRunner.java:443)
at org.testng.SuiteRunner.runSequentially(SuiteRunner.java:437)
at org.testng.SuiteRunner.privateRun(SuiteRunner.java:397)
at org.testng.SuiteRunner.run(SuiteRunner.java:336)
at org.testng.SuiteRunnerWorker.runSuite(SuiteRunnerWorker.java:52)
at org.testng.SuiteRunnerWorker.run(SuiteRunnerWorker.java:95)
at org.testng.TestNG.runSuitesSequentially(TestNG.java:1301)
at org.testng.TestNG.runSuitesLocally(TestNG.java:1228)
at org.testng.TestNG.runSuites(TestNG.java:1134)
at org.testng.TestNG.run(TestNG.java:1101)
at org.testng.remote.AbstractRemoteTestNG.run(AbstractRemoteTestNG.java:115)
at org.testng.remote.RemoteTestNG.initAndRun(RemoteTestNG.java:251)
at org.testng.remote.RemoteTestNG.main(RemoteTestNG.java:77)
]]>
            </full-stacktrace>
          </exception> <!-- java.lang.AssertionError -->
          <reporter-output>
          </reporter-output>
        </test-method> <!-- verifyNewsInNewsPage -->
        <test-method signature="verifyfullNews()[pri:7, instance:testCases.AroundCognizant@74ea2410]" started-at="2024-03-14T20:13:07 IST" name="verifyfullNews" finished-at="2024-03-14T20:13:30 IST" duration-ms="23518" status="PASS">
          <reporter-output>
          </reporter-output>
        </test-method> <!-- verifyfullNews -->
        <test-method is-config="true" signature="teardown()[pri:0, instance:testCases.AroundCognizant@74ea2410]" started-at="2024-03-14T20:13:30 IST" name="teardown" finished-at="2024-03-14T20:13:42 IST" duration-ms="11545" status="PASS">
          <reporter-output>
          </reporter-output>
        </test-method> <!-- teardown -->
      </class> <!-- testCases.AroundCognizant -->
    </test> <!-- chromeTest -->
  </suite> <!-- MasterSuite -->
</testng-results>
